W, [2023-03-29T14:28:00.705815 #29621]  WARN -- : You are running SQLite in production, this is generally not recommended. You can disable this warning by setting "config.active_record.sqlite3_production_warning=false".
W, [2023-03-29T14:28:13.384437 #29655]  WARN -- : You are running SQLite in production, this is generally not recommended. You can disable this warning by setting "config.active_record.sqlite3_production_warning=false".
W, [2023-03-31T00:17:59.609647 #103171]  WARN -- : You are running SQLite in production, this is generally not recommended. You can disable this warning by setting "config.active_record.sqlite3_production_warning=false".
I, [2023-03-31T00:18:00.742334 #103171]  INFO -- : Migrating to CreateUsers (20230328082018)
W, [2023-03-31T00:19:09.212793 #103366]  WARN -- : You are running SQLite in production, this is generally not recommended. You can disable this warning by setting "config.active_record.sqlite3_production_warning=false".
I, [2023-03-31T00:19:09.375283 #103366]  INFO -- : Migrating to CreateUsers (20230328082018)
W, [2023-03-31T00:19:38.407319 #103484]  WARN -- : You are running SQLite in production, this is generally not recommended. You can disable this warning by setting "config.active_record.sqlite3_production_warning=false".
W, [2023-03-31T00:19:48.144117 #103545]  WARN -- : You are running SQLite in production, this is generally not recommended. You can disable this warning by setting "config.active_record.sqlite3_production_warning=false".
I, [2023-03-31T00:19:48.972705 #103545]  INFO -- : Migrating to CreateUsers (20230328082018)
I, [2023-03-31T00:19:49.318527 #103545]  INFO -- : Migrating to CreateStudents (20230329055638)
I, [2023-03-31T00:19:49.661501 #103545]  INFO -- : Migrating to CreateAdmissions (20230329070059)
I, [2023-03-31T00:19:50.048847 #103545]  INFO -- : Migrating to CreateTeachers (20230329071247)
I, [2023-03-31T00:19:50.508905 #103545]  INFO -- : Migrating to CreateCourses (20230329071551)
I, [2023-03-31T00:19:51.181150 #103545]  INFO -- : Migrating to CreateForms (20230329170647)
I, [2023-03-31T00:19:51.501858 #103545]  INFO -- : Migrating to AddStatus (20230329213205)
I, [2023-03-31T00:19:51.738500 #103545]  INFO -- : Migrating to AddAdmissionStatusToStudent (20230330093159)
I, [2023-03-31T00:19:51.979006 #103545]  INFO -- : Migrating to CreateDelayedJobs (20230330175417)
W, [2023-03-31T12:18:36.840207 #21654]  WARN -- : You are running SQLite in production, this is generally not recommended. You can disable this warning by setting "config.active_record.sqlite3_production_warning=false".
W, [2023-03-31T12:18:52.209361 #21709]  WARN -- : You are running SQLite in production, this is generally not recommended. You can disable this warning by setting "config.active_record.sqlite3_production_warning=false".
W, [2023-03-31T12:19:04.608218 #21752]  WARN -- : You are running SQLite in production, this is generally not recommended. You can disable this warning by setting "config.active_record.sqlite3_production_warning=false".
I, [2023-03-31T12:19:05.119731 #21752]  INFO -- : Migrating to CreateUsers (20230328082018)
I, [2023-03-31T12:19:05.246094 #21752]  INFO -- : Migrating to CreateStudents (20230329055638)
I, [2023-03-31T12:19:05.368825 #21752]  INFO -- : Migrating to CreateAdmissions (20230329070059)
I, [2023-03-31T12:19:05.492118 #21752]  INFO -- : Migrating to CreateTeachers (20230329071247)
I, [2023-03-31T12:19:05.615164 #21752]  INFO -- : Migrating to CreateCourses (20230329071551)
I, [2023-03-31T12:19:05.749841 #21752]  INFO -- : Migrating to CreateForms (20230329170647)
I, [2023-03-31T12:19:05.883654 #21752]  INFO -- : Migrating to AddStatus (20230329213205)
I, [2023-03-31T12:19:05.982159 #21752]  INFO -- : Migrating to AddAdmissionStatusToStudent (20230330093159)
I, [2023-03-31T12:19:06.080573 #21752]  INFO -- : Migrating to CreateDelayedJobs (20230330175417)
W, [2023-03-31T12:19:16.683947 #21799]  WARN -- : You are running SQLite in production, this is generally not recommended. You can disable this warning by setting "config.active_record.sqlite3_production_warning=false".
W, [2023-03-31T22:38:23.268280 #21404]  WARN -- : You are running SQLite in production, this is generally not recommended. You can disable this warning by setting "config.active_record.sqlite3_production_warning=false".
W, [2023-03-31T22:41:43.737535 #21688]  WARN -- : You are running SQLite in production, this is generally not recommended. You can disable this warning by setting "config.active_record.sqlite3_production_warning=false".
I, [2023-03-31T22:41:44.389166 #21688]  INFO -- : Migrating to CreateUsers (20230328082018)
I, [2023-03-31T22:41:44.692930 #21688]  INFO -- : Migrating to CreateStudents (20230329055638)
I, [2023-03-31T22:41:44.968568 #21688]  INFO -- : Migrating to CreateAdmissions (20230329070059)
I, [2023-03-31T22:41:45.299408 #21688]  INFO -- : Migrating to CreateTeachers (20230329071247)
I, [2023-03-31T22:41:45.563934 #21688]  INFO -- : Migrating to CreateCourses (20230329071551)
I, [2023-03-31T22:41:46.232885 #21688]  INFO -- : Migrating to CreateForms (20230329170647)
I, [2023-03-31T22:41:46.841824 #21688]  INFO -- : Migrating to AddStatus (20230329213205)
I, [2023-03-31T22:41:47.095954 #21688]  INFO -- : Migrating to AddAdmissionStatusToStudent (20230330093159)
I, [2023-03-31T22:41:47.302691 #21688]  INFO -- : Migrating to CreateDelayedJobs (20230330175417)
W, [2023-03-31T22:42:12.734637 #21798]  WARN -- : You are running SQLite in production, this is generally not recommended. You can disable this warning by setting "config.active_record.sqlite3_production_warning=false".
W, [2023-03-31T22:42:22.404684 #21830]  WARN -- : You are running SQLite in production, this is generally not recommended. You can disable this warning by setting "config.active_record.sqlite3_production_warning=false".
W, [2023-03-31T22:42:45.003273 #21894]  WARN -- : You are running SQLite in production, this is generally not recommended. You can disable this warning by setting "config.active_record.sqlite3_production_warning=false".
W, [2023-03-31T22:45:06.810415 #21995]  WARN -- : You are running SQLite in production, this is generally not recommended. You can disable this warning by setting "config.active_record.sqlite3_production_warning=false".
W, [2023-03-31T22:53:15.985948 #22388]  WARN -- : You are running SQLite in production, this is generally not recommended. You can disable this warning by setting "config.active_record.sqlite3_production_warning=false".
